app/build/intermediates/manifest_merge_blame_file/debug/manifest-merger-blame-debug-report.txt
1<?xml version="1.0" encoding="utf-8"?>
2<manifest xmlns:android="http://schemas.android.com/apk/res/android"
3    package="fr.larmoirecommune.app"
4    android:versionCode="1"
5    android:versionName="1.0" >
6
7    <uses-sdk
8        android:minSdkVersion="24"
9        android:targetSdkVersion="36" />
10
11    <uses-permission android:name="android.permission.INTERNET" />
11-->src\main\AndroidManifest.xml:5:5-67
11-->src\main\AndroidManifest.xml:5:22-64
12    <uses-permission android:name="android.permission.ACCESS_FINE_LOCATION" />
12-->src\main\AndroidManifest.xml:6:5-79
12-->src\main\AndroidManifest.xml:6:22-76
13    <uses-permission android:name="android.permission.ACCESS_COARSE_LOCATION" />
13-->src\main\AndroidManifest.xml:7:5-81
13-->src\main\AndroidManifest.xml:7:22-78
14    <uses-permission android:name="android.permission.ACCESS_NETWORK_STATE" />
14-->src\main\AndroidManifest.xml:8:5-79
14-->src\main\AndroidManifest.xml:8:22-76
15
16    <permission
16-->[androidx.core:core:1.12.0] AndroidManifest.xml:22:5-24:47
17        android:name="fr.larmoirecommune.app.DYNAMIC_RECEIVER_NOT_EXPORTED_PERMISSION"
17-->[androidx.core:core:1.12.0] AndroidManifest.xml:23:9-81
18        android:protectionLevel="signature" />
18-->[androidx.core:core:1.12.0] AndroidManifest.xml:24:9-44
19
20    <uses-permission android:name="fr.larmoirecommune.app.DYNAMIC_RECEIVER_NOT_EXPORTED_PERMISSION" />
20-->[androidx.core:core:1.12.0] AndroidManifest.xml:26:5-97
20-->[androidx.core:core:1.12.0] AndroidManifest.xml:26:22-94
21
22    <supports-screens
22-->[org.osmdroid:osmdroid-android:6.1.18] AndroidManifest.xml:9:5-12:40
23        android:anyDensity="true"
23-->[org.osmdroid:osmdroid-android:6.1.18] AndroidManifest.xml:10:9-34
24        android:largeScreens="true"
24-->[org.osmdroid:osmdroid-android:6.1.18] AndroidManifest.xml:11:9-36
25        android:normalScreens="true" />
25-->[org.osmdroid:osmdroid-android:6.1.18] AndroidManifest.xml:12:9-37
26
27    <uses-feature
27-->[org.osmdroid:osmdroid-android:6.1.18] AndroidManifest.xml:14:5-16:36
28        android:name="android.hardware.location.network"
28-->[org.osmdroid:osmdroid-android:6.1.18] AndroidManifest.xml:15:9-57
29        android:required="false" />
29-->[org.osmdroid:osmdroid-android:6.1.18] AndroidManifest.xml:16:9-33
30    <uses-feature
30-->[org.osmdroid:osmdroid-android:6.1.18] AndroidManifest.xml:17:5-19:36
31        android:name="android.hardware.location.gps"
31-->[org.osmdroid:osmdroid-android:6.1.18] AndroidManifest.xml:18:9-53
32        android:required="false" />
32-->[org.osmdroid:osmdroid-android:6.1.18] AndroidManifest.xml:19:9-33
33    <uses-feature
33-->[org.osmdroid:osmdroid-android:6.1.18] AndroidManifest.xml:20:5-22:36
34        android:name="android.hardware.telephony"
34-->[org.osmdroid:osmdroid-android:6.1.18] AndroidManifest.xml:21:9-50
35        android:required="false" />
35-->[org.osmdroid:osmdroid-android:6.1.18] AndroidManifest.xml:22:9-33
36    <uses-feature
36-->[org.osmdroid:osmdroid-android:6.1.18] AndroidManifest.xml:23:5-25:36
37        android:name="android.hardware.wifi"
37-->[org.osmdroid:osmdroid-android:6.1.18] AndroidManifest.xml:24:9-45
38        android:required="false" />
38-->[org.osmdroid:osmdroid-android:6.1.18] AndroidManifest.xml:25:9-33
39
40    <application
40-->src\main\AndroidManifest.xml:10:5-43:19
41        android:allowBackup="true"
41-->src\main\AndroidManifest.xml:11:9-35
42        android:appComponentFactory="androidx.core.app.CoreComponentFactory"
42-->[androidx.core:core:1.12.0] AndroidManifest.xml:28:18-86
43        android:debuggable="true"
44        android:extractNativeLibs="false"
45        android:icon="@mipmap/ic_launcher"
45-->src\main\AndroidManifest.xml:12:9-43
46        android:label="@string/app_name"
46-->src\main\AndroidManifest.xml:13:9-41
47        android:roundIcon="@mipmap/ic_launcher_round"
47-->src\main\AndroidManifest.xml:14:9-54
48        android:supportsRtl="true"
48-->src\main\AndroidManifest.xml:15:9-35
49        android:testOnly="true"
50        android:theme="@style/Theme.LArmoireCommune"
50-->src\main\AndroidManifest.xml:16:9-53
51        android:usesCleartextTraffic="true" >
51-->src\main\AndroidManifest.xml:17:9-44
52        <activity
52-->src\main\AndroidManifest.xml:20:9-27:20
53            android:name="fr.larmoirecommune.app.ui.auth.LoginActivity"
53-->src\main\AndroidManifest.xml:21:13-50
54            android:exported="true" >
54-->src\main\AndroidManifest.xml:22:13-36
55            <intent-filter>
55-->src\main\AndroidManifest.xml:23:13-26:29
56                <action android:name="android.intent.action.MAIN" />
56-->src\main\AndroidManifest.xml:24:17-69
56-->src\main\AndroidManifest.xml:24:25-66
57
58                <category android:name="android.intent.category.LAUNCHER" />
58-->src\main\AndroidManifest.xml:25:17-77
58-->src\main\AndroidManifest.xml:25:27-74
59            </intent-filter>
60        </activity>
61        <activity android:name="fr.larmoirecommune.app.ui.auth.SignupActivity" />
61-->src\main\AndroidManifest.xml:29:9-60
61-->src\main\AndroidManifest.xml:29:19-57
62        <activity android:name="fr.larmoirecommune.app.ui.home.MainActivity" />
62-->src\main\AndroidManifest.xml:30:9-58
62-->src\main\AndroidManifest.xml:30:19-55
63        <activity android:name="fr.larmoirecommune.app.ui.objects.ObjectListActivity" />
63-->src\main\AndroidManifest.xml:31:9-67
63-->src\main\AndroidManifest.xml:31:19-64
64        <activity android:name="fr.larmoirecommune.app.ui.objects.ObjectDetailActivity" />
64-->src\main\AndroidManifest.xml:32:9-69
64-->src\main\AndroidManifest.xml:32:19-66
65        <activity android:name="fr.larmoirecommune.app.ui.objects.ReservationActivity" />
65-->src\main\AndroidManifest.xml:33:9-68
65-->src\main\AndroidManifest.xml:33:19-65
66        <activity android:name="fr.larmoirecommune.app.ui.objects.ReservationListActivity" />
66-->src\main\AndroidManifest.xml:34:9-72
66-->src\main\AndroidManifest.xml:34:19-69
67        <activity android:name="fr.larmoirecommune.app.ui.objects.ReservationDetailActivity" />
67-->src\main\AndroidManifest.xml:35:9-74
67-->src\main\AndroidManifest.xml:35:19-71
68        <activity android:name="fr.larmoirecommune.app.ui.admin.AdminCreateObjectActivity" />
68-->src\main\AndroidManifest.xml:37:9-72
68-->src\main\AndroidManifest.xml:37:19-69
69        <activity android:name="fr.larmoirecommune.app.ui.admin.AdminCreateLieuActivity" />
69-->src\main\AndroidManifest.xml:38:9-70
69-->src\main\AndroidManifest.xml:38:19-67
70        <activity android:name="fr.larmoirecommune.app.ui.admin.AdminReservationsActivity" />
70-->src\main\AndroidManifest.xml:39:9-72
70-->src\main\AndroidManifest.xml:39:19-69
71        <activity android:name="fr.larmoirecommune.app.ui.profile.ProfileActivity" />
71-->src\main\AndroidManifest.xml:41:9-64
71-->src\main\AndroidManifest.xml:41:19-61
72
73        <provider
73-->[androidx.emoji2:emoji2:1.2.0] AndroidManifest.xml:24:9-32:20
74            android:name="androidx.startup.InitializationProvider"
74-->[androidx.emoji2:emoji2:1.2.0] AndroidManifest.xml:25:13-67
75            android:authorities="fr.larmoirecommune.app.androidx-startup"
75-->[androidx.emoji2:emoji2:1.2.0] AndroidManifest.xml:26:13-68
76            android:exported="false" >
76-->[androidx.emoji2:emoji2:1.2.0] AndroidManifest.xml:27:13-37
77            <meta-data
77-->[androidx.emoji2:emoji2:1.2.0] AndroidManifest.xml:29:13-31:52
78                android:name="androidx.emoji2.text.EmojiCompatInitializer"
78-->[androidx.emoji2:emoji2:1.2.0] AndroidManifest.xml:30:17-75
79                android:value="androidx.startup" />
79-->[androidx.emoji2:emoji2:1.2.0] AndroidManifest.xml:31:17-49
80            <meta-data
80-->[androidx.lifecycle:lifecycle-process:2.6.2] AndroidManifest.xml:29:13-31:52
81                android:name="androidx.lifecycle.ProcessLifecycleInitializer"
81-->[androidx.lifecycle:lifecycle-process:2.6.2] AndroidManifest.xml:30:17-78
82                android:value="androidx.startup" />
82-->[androidx.lifecycle:lifecycle-process:2.6.2] AndroidManifest.xml:31:17-49
83            <meta-data
83-->[androidx.profileinstaller:profileinstaller:1.3.1] AndroidManifest.xml:29:13-31:52
84                android:name="androidx.profileinstaller.ProfileInstallerInitializer"
84-->[androidx.profileinstaller:profileinstaller:1.3.1] AndroidManifest.xml:30:17-85
85                android:value="androidx.startup" />
85-->[androidx.profileinstaller:profileinstaller:1.3.1] AndroidManifest.xml:31:17-49
86        </provider>
87
88        <receiver
88-->[androidx.profileinstaller:profileinstaller:1.3.1] AndroidManifest.xml:34:9-52:20
89            android:name="androidx.profileinstaller.ProfileInstallReceiver"
89-->[androidx.profileinstaller:profileinstaller:1.3.1] AndroidManifest.xml:35:13-76
90            android:directBootAware="false"
90-->[androidx.profileinstaller:profileinstaller:1.3.1] AndroidManifest.xml:36:13-44
91            android:enabled="true"
91-->[androidx.profileinstaller:profileinstaller:1.3.1] AndroidManifest.xml:37:13-35
92            android:exported="true"
92-->[androidx.profileinstaller:profileinstaller:1.3.1] AndroidManifest.xml:38:13-36
93            android:permission="android.permission.DUMP" >
93-->[androidx.profileinstaller:profileinstaller:1.3.1] AndroidManifest.xml:39:13-57
94            <intent-filter>
94-->[androidx.profileinstaller:profileinstaller:1.3.1] AndroidManifest.xml:40:13-42:29
95                <action android:name="androidx.profileinstaller.action.INSTALL_PROFILE" />
95-->[androidx.profileinstaller:profileinstaller:1.3.1] AndroidManifest.xml:41:17-91
95-->[androidx.profileinstaller:profileinstaller:1.3.1] AndroidManifest.xml:41:25-88
96            </intent-filter>
97            <intent-filter>
97-->[androidx.profileinstaller:profileinstaller:1.3.1] AndroidManifest.xml:43:13-45:29
98                <action android:name="androidx.profileinstaller.action.SKIP_FILE" />
98-->[androidx.profileinstaller:profileinstaller:1.3.1] AndroidManifest.xml:44:17-85
98-->[androidx.profileinstaller:profileinstaller:1.3.1] AndroidManifest.xml:44:25-82
99            </intent-filter>
100            <intent-filter>
100-->[androidx.profileinstaller:profileinstaller:1.3.1] AndroidManifest.xml:46:13-48:29
101                <action android:name="androidx.profileinstaller.action.SAVE_PROFILE" />
101-->[androidx.profileinstaller:profileinstaller:1.3.1] AndroidManifest.xml:47:17-88
101-->[androidx.profileinstaller:profileinstaller:1.3.1] AndroidManifest.xml:47:25-85
102            </intent-filter>
103            <intent-filter>
103-->[androidx.profileinstaller:profileinstaller:1.3.1] AndroidManifest.xml:49:13-51:29
104                <action android:name="androidx.profileinstaller.action.BENCHMARK_OPERATION" />
104-->[androidx.profileinstaller:profileinstaller:1.3.1] AndroidManifest.xml:50:17-95
104-->[androidx.profileinstaller:profileinstaller:1.3.1] AndroidManifest.xml:50:25-92
105            </intent-filter>
106        </receiver>
107    </application>
108
109</manifest>